<?xml version="1.0" encoding="UTF-8"?>
<testng-results ignored="0" total="1" passed="1" failed="0" skipped="0">
  <reporter-output>
  </reporter-output>
  <suite started-at="2025-09-17T12:47:35 IST" name="Default suite" finished-at="2025-09-17T12:47:54 IST" duration-ms="19017">
    <groups>
    </groups>
    <test started-at="2025-09-17T12:47:35 IST" name="Default test" finished-at="2025-09-17T12:47:54 IST" duration-ms="19017">
      <class name="com.test.MouseHovering">
        <test-method is-config="true" signature="Initalization()[pri:0, instance:com.test.MouseHovering@3c41ed1d]" started-at="2025-09-17T12:47:35 IST" name="Initalization" finished-at="2025-09-17T12:47:51 IST" duration-ms="15733" status="PASS">
          <reporter-output>
          </reporter-output>
        </test-method> <!-- Initalization -->
        <test-method signature="Hovering()[pri:0, instance:com.test.MouseHovering@3c41ed1d]" started-at="2025-09-17T12:47:51 IST" name="Hovering" finished-at="2025-09-17T12:47:54 IST" duration-ms="2749" status="PASS">
          <reporter-output>
          </reporter-output>
        </test-method> <!-- Hovering -->
        <test-method is-config="true" signature="CleanUp()[pri:0, instance:com.test.MouseHovering@3c41ed1d]" started-at="2025-09-17T12:47:54 IST" name="CleanUp" finished-at="2025-09-17T12:47:54 IST" duration-ms="454" status="PASS">
          <reporter-output>
          </reporter-output>
        </test-method> <!-- CleanUp -->
      </class> <!-- com.test.MouseHovering -->
    </test> <!-- Default test -->
  </suite> <!-- Default suite -->
</testng-results>
